<?xml version="1.0" encoding="UTF-8"?>
<!-- Generated by org.testng.reporters.JUnitXMLReporter -->
<testsuite ignored="6" hostname="KiranPatil" failures="0" tests="23" name="SauceDemo Website Tests" time="24.678" errors="0" timestamp="2025-09-07T09:32:06 IST">
  <testcase classname="tests.LoginTest" name="testProblemUser" time="0.785"/>
  <testcase classname="tests.LoginTest" name="testEmptyUsername" time="0.548"/>
  <testcase classname="tests.LoginTest" name="testInvalidUsername" time="0.635"/>
  <testcase classname="tests.LoginTest" name="testEmptyPassword" time="0.688"/>
  <testcase classname="tests.LoginTest" name="testInvalidPassword" time="0.729"/>
  <testcase classname="tests.LoginTest" name="testEmptyUsernameAndPassword" time="0.591"/>
  <testcase classname="tests.LoginTest" name="testLockedOutUser" time="0.639"/>
  <testcase classname="tests.LoginTest" name="testValidLogin" time="0.616"/>
  <testcase classname="tests.ProductTest" name="TC009_TC010_verifyProductListDisplay" time="3.03"/>
  <testcase classname="tests.ProductTest" name="TC011_sortByNameAToZ" time="0.513"/>
  <testcase classname="tests.ProductTest" name="TC011_sortByNameZToA" time="0.437"/>
  <testcase classname="tests.ProductTest" name="TC011_sortByPriceLowToHigh" time="0.415"/>
  <testcase classname="tests.ProductTest" name="TC011_sortByPriceHighToLow" time="0.431"/>
  <testcase classname="tests.ProductTest" name="TC012_addProductToCart" time="0.406"/>
  <testcase classname="tests.ProductTest" name="TC015_clickOnProductDetailsPage" time="4.421"/>
  <testcase classname="tests.ProductTest" name="TC016_addInvalidProduct" time="0.087"/>
  <testcase classname="tests.CartTest" name="testAddProductToCart" time="0.445"/>
  <testcase classname="tests.CartTest" name="testRemoveProductFromCart" time="0.473"/>
  <testcase classname="tests.CartTest" name="testContinueShopping" time="0.361"/>
  <testcase classname="tests.CartTest" name="testProceedToCheckout" time="0.443"/>
  <testcase classname="tests.CheckOutTest" name="TC020_navigateToCheckoutPage" time="0.073"/>
  <testcase classname="tests.CheckOutTest" name="TC022_checkoutWithMissingRequiredFields" time="0.765"/>
  <testcase classname="tests.CheckOutTest" name="TC021_checkoutWithValidInformation" time="0.639"/>
  <testcase classname="base.BaseTest" name="@BeforeSuite suiteSetup" time="0.0">
    <ignored/>
  </testcase> <!-- @BeforeSuite suiteSetup -->
  <testcase classname="base.BaseTest" name="@AfterSuite suiteTearDown" time="0.0">
    <ignored/>
  </testcase> <!-- @AfterSuite suiteTearDown -->
  <testcase classname="base.BaseTest" name="@AfterSuite suiteTearDown" time="0.0">
    <ignored/>
  </testcase> <!-- @AfterSuite suiteTearDown -->
  <testcase classname="base.BaseTest" name="@BeforeSuite suiteSetup" time="0.0">
    <ignored/>
  </testcase> <!-- @BeforeSuite suiteSetup -->
  <testcase classname="base.BaseTest" name="@AfterSuite suiteTearDown" time="0.0">
    <ignored/>
  </testcase> <!-- @AfterSuite suiteTearDown -->
  <testcase classname="base.BaseTest" name="@BeforeSuite suiteSetup" time="0.0">
    <ignored/>
  </testcase> <!-- @BeforeSuite suiteSetup -->
</testsuite> <!-- SauceDemo Website Tests -->
