<?xml version="1.0" encoding="UTF-8"?>
<!-- Generated by org.testng.reporters.JUnitXMLReporter -->
<testsuite ignored="0" hostname="KiranPatil" failures="0" tests="24" name="SauceDemo Website Tests" time="48.102" errors="0" timestamp="2025-09-08T10:25:14 IST">
  <testcase classname="integration.IntegrationTest" name="testCompleteUserJourney" time="1.045"/>
  <testcase classname="tests.LoginTest" name="testProblemUser" time="0.787"/>
  <testcase classname="tests.LoginTest" name="testEmptyUsername" time="0.429"/>
  <testcase classname="tests.LoginTest" name="testInvalidUsername" time="0.45"/>
  <testcase classname="tests.LoginTest" name="testEmptyPassword" time="0.41"/>
  <testcase classname="tests.LoginTest" name="testInvalidPassword" time="0.4"/>
  <testcase classname="tests.LoginTest" name="testEmptyUsernameAndPassword" time="0.438"/>
  <testcase classname="tests.LoginTest" name="testLockedOutUser" time="0.45"/>
  <testcase classname="tests.LoginTest" name="testValidLogin" time="0.495"/>
  <testcase classname="tests.ProductTest" name="verifyProductListDisplay" time="0.447"/>
  <testcase classname="tests.ProductTest" name="sortByNameAToZ" time="0.243"/>
  <testcase classname="tests.ProductTest" name="sortByNameZToA" time="0.189"/>
  <testcase classname="tests.ProductTest" name="sortByPriceLowToHigh" time="0.18"/>
  <testcase classname="tests.ProductTest" name="sortByPriceHighToLow" time="0.16"/>
  <testcase classname="tests.ProductTest" name="addProductToCart" time="0.146"/>
  <testcase classname="tests.ProductTest" name="clickOnProductDetailsPage" time="0.158"/>
  <testcase classname="tests.ProductTest" name="addInvalidProduct" time="10.017"/>
  <testcase classname="tests.CartTest" name="testAddProductToCart" time="0.675"/>
  <testcase classname="tests.CartTest" name="testRemoveProductFromCart" time="10.658"/>
  <testcase classname="tests.CartTest" name="testContinueShopping" time="0.095"/>
  <testcase classname="tests.CartTest" name="testProceedToCheckout" time="0.169"/>
  <testcase classname="tests.CheckoutTest" name="navigateToCheckoutPage" time="0.086"/>
  <testcase classname="tests.CheckoutTest" name="checkoutWithMissingRequiredFields" time="0.416"/>
  <testcase classname="tests.CheckoutTest" name="checkoutWithValidInformation" time="0.442"/>
</testsuite> <!-- SauceDemo Website Tests -->
