<?xml version="1.0" encoding="UTF-8"?>
<!-- Generated by org.testng.reporters.JUnitXMLReporter -->
<testsuite ignored="0" hostname="KiranPatil" failures="0" tests="23" name="SauceDemo Website Tests" time="40.946" errors="0" timestamp="2025-09-09T13:06:07 IST">
  <testcase classname="integration.IntegrationTest" name="testCompleteUserJourney" time="2.014"/>
  <testcase classname="tests.LoginTest" name="testProblemUser" time="0.686"/>
  <testcase classname="tests.LoginTest" name="testEmptyUsername" time="0.341"/>
  <testcase classname="tests.LoginTest" name="testInvalidUsername" time="0.368"/>
  <testcase classname="tests.LoginTest" name="testEmptyPassword" time="0.32"/>
  <testcase classname="tests.LoginTest" name="testInvalidPassword" time="0.312"/>
  <testcase classname="tests.LoginTest" name="testEmptyUsernameAndPassword" time="0.331"/>
  <testcase classname="tests.LoginTest" name="testLockedOutUser" time="0.34"/>
  <testcase classname="tests.LoginTest" name="testValidLogin" time="0.314"/>
  <testcase classname="tests.ProductTest" name="verifyProductListDisplay" time="0.607"/>
  <testcase classname="tests.ProductTest" name="sortByNameAToZ" time="0.249"/>
  <testcase classname="tests.ProductTest" name="sortByNameZToA" time="0.23"/>
  <testcase classname="tests.ProductTest" name="sortByPriceLowToHigh" time="0.22"/>
  <testcase classname="tests.ProductTest" name="sortByPriceHighToLow" time="0.216"/>
  <testcase classname="tests.ProductTest" name="addProductToCart" time="0.177"/>
  <testcase classname="tests.ProductTest" name="clickOnProductDetailsPage" time="0.149"/>
  <testcase classname="tests.CartTest" name="testAddProductToCart" time="0.813"/>
  <testcase classname="tests.CartTest" name="testRemoveProductFromCart" time="10.655"/>
  <testcase classname="tests.CartTest" name="testContinueShopping" time="0.169"/>
  <testcase classname="tests.CartTest" name="testProceedToCheckout" time="0.22"/>
  <testcase classname="tests.CheckoutTest" name="navigateToCheckoutPage" time="0.065"/>
  <testcase classname="tests.CheckoutTest" name="checkoutWithMissingRequiredFields" time="0.412"/>
  <testcase classname="tests.CheckoutTest" name="checkoutWithValidInformation" time="0.445"/>
</testsuite> <!-- SauceDemo Website Tests -->
