<?xml version="1.0" encoding="UTF-8"?>
<!-- Generated by org.testng.reporters.JUnitXMLReporter -->
<testsuite ignored="0" hostname="KiranPatil" failures="0" tests="23" name="SauceDemo Website Tests" time="48.686" errors="0" timestamp="2025-09-09T09:43:53 IST">
  <testcase classname="integration.IntegrationTest" name="testCompleteUserJourney" time="1.884"/>
  <testcase classname="tests.LoginTest" name="testProblemUser" time="1.112"/>
  <testcase classname="tests.LoginTest" name="testEmptyUsername" time="0.438"/>
  <testcase classname="tests.LoginTest" name="testInvalidUsername" time="0.648"/>
  <testcase classname="tests.LoginTest" name="testEmptyPassword" time="0.734"/>
  <testcase classname="tests.LoginTest" name="testInvalidPassword" time="0.804"/>
  <testcase classname="tests.LoginTest" name="testEmptyUsernameAndPassword" time="0.751"/>
  <testcase classname="tests.LoginTest" name="testLockedOutUser" time="0.807"/>
  <testcase classname="tests.LoginTest" name="testValidLogin" time="0.786"/>
  <testcase classname="tests.ProductTest" name="verifyProductListDisplay" time="0.801"/>
  <testcase classname="tests.ProductTest" name="sortByNameAToZ" time="0.452"/>
  <testcase classname="tests.ProductTest" name="sortByNameZToA" time="0.425"/>
  <testcase classname="tests.ProductTest" name="sortByPriceLowToHigh" time="0.397"/>
  <testcase classname="tests.ProductTest" name="sortByPriceHighToLow" time="0.392"/>
  <testcase classname="tests.ProductTest" name="addProductToCart" time="0.336"/>
  <testcase classname="tests.ProductTest" name="clickOnProductDetailsPage" time="0.344"/>
  <testcase classname="tests.CartTest" name="testAddProductToCart" time="0.793"/>
  <testcase classname="tests.CartTest" name="testRemoveProductFromCart" time="10.889"/>
  <testcase classname="tests.CartTest" name="testContinueShopping" time="0.241"/>
  <testcase classname="tests.CartTest" name="testProceedToCheckout" time="0.483"/>
  <testcase classname="tests.CheckoutTest" name="navigateToCheckoutPage" time="0.127"/>
  <testcase classname="tests.CheckoutTest" name="checkoutWithMissingRequiredFields" time="0.467"/>
  <testcase classname="tests.CheckoutTest" name="checkoutWithValidInformation" time="0.755"/>
</testsuite> <!-- SauceDemo Website Tests -->
