<?xml version="1.0" encoding="UTF-8"?>
<testsuite xmlns:xsi="http://www.w3.org/2001/XMLSchema-instance" xsi:noNamespaceSchemaLocation="https://maven.apache.org/surefire/maven-surefire-plugin/xsd/surefire-test-report-3.0.xsd" version="3.0" name="TestSuite" time="51.571" tests="24" errors="0" skipped="0" failures="0">
  <properties>
[...]
</properties>
  <testcase name="testCompleteUserJourney" classname="integration.IntegrationTest" time="2.671">
    <system-out><![CDATA[Test Suite started!
[DriverFactory] Initializing ChromeDriver for thread: 1
]]></system-out>
    <system-err><![CDATA[SLF4J: Failed to load class "org.slf4j.impl.StaticLoggerBinder".
SLF4J: Defaulting to no-operation (NOP) logger implementation
SLF4J: See http://www.slf4j.org/codes.html#StaticLoggerBinder for further details.
Sept 08, 2025 10:25:41 AM org.openqa.selenium.devtools.CdpVersionFinder findNearestMatch
WARNING: Unable to find CDP implementation matching 140
Sept 08, 2025 10:25:41 AM org.openqa.selenium.chromium.ChromiumDriver lambda$new$5
WARNING: Unable to find version of CDP to use for 140.0.7339.80. You may need to include a dependency on a specific version of the CDP using something similar to `org.seleniumhq.selenium:selenium-devtools-v86:4.23.0` where the version ("v86") matches the version of the chromium-based browser you're using and the version number of the artifact is the same as Selenium's.
]]></system-err>
  </testcase>
  <testcase name="testProblemUser" classname="tests.LoginTest" time="0.822">
    <system-out><![CDATA[Screenshot saved: D:\screenshot\2025-09-08\testCompleteUserJourney_1757307344154.png
[DriverFactory] Quitting driver for thread: 1
[DriverFactory] Initializing ChromeDriver for thread: 1
[DriverFactory] Reusing existing driver for thread: 1
Screenshot saved: D:\screenshot\2025-09-08\LoginPage_Loaded_1757307346898.png
Screenshot saved: D:\screenshot\2025-09-08\testProblemUser_1757307347720.png
]]></system-out>
    <system-err><![CDATA[Sept 08, 2025 10:25:46 AM org.openqa.selenium.devtools.CdpVersionFinder findNearestMatch
WARNING: Unable to find CDP implementation matching 140
Sept 08, 2025 10:25:46 AM org.openqa.selenium.chromium.ChromiumDriver lambda$new$5
WARNING: Unable to find version of CDP to use for 140.0.7339.80. You may need to include a dependency on a specific version of the CDP using something similar to `org.seleniumhq.selenium:selenium-devtools-v86:4.23.0` where the version ("v86") matches the version of the chromium-based browser you're using and the version number of the artifact is the same as Selenium's.
]]></system-err>
  </testcase>
  <testcase name="testEmptyUsername" classname="tests.LoginTest" time="0.403">
    <system-out><![CDATA[Screenshot saved: D:\screenshot\2025-09-08\testProblemUser_1757307347897.png
Screenshot saved: D:\screenshot\2025-09-08\LoginPage_Loaded_1757307348103.png
Screenshot saved: D:\screenshot\2025-09-08\testEmptyUsername_1757307348507.png
]]></system-out>
  </testcase>
  <testcase name="testInvalidUsername" classname="tests.LoginTest" time="0.523">
    <system-out><![CDATA[Screenshot saved: D:\screenshot\2025-09-08\testEmptyUsername_1757307348596.png
Screenshot saved: D:\screenshot\2025-09-08\LoginPage_Loaded_1757307348761.png
Screenshot saved: D:\screenshot\2025-09-08\testInvalidUsername_1757307349282.png
]]></system-out>
  </testcase>
  <testcase name="testEmptyPassword" classname="tests.LoginTest" time="0.399">
    <system-out><![CDATA[Screenshot saved: D:\screenshot\2025-09-08\testInvalidUsername_1757307349392.png
Screenshot saved: D:\screenshot\2025-09-08\LoginPage_Loaded_1757307349570.png
Screenshot saved: D:\screenshot\2025-09-08\testEmptyPassword_1757307349970.png
]]></system-out>
  </testcase>
  <testcase name="testInvalidPassword" classname="tests.LoginTest" time="0.447">
    <system-out><![CDATA[Screenshot saved: D:\screenshot\2025-09-08\testEmptyPassword_1757307350063.png
Screenshot saved: D:\screenshot\2025-09-08\LoginPage_Loaded_1757307350216.png
Screenshot saved: D:\screenshot\2025-09-08\testInvalidPassword_1757307350662.png
]]></system-out>
  </testcase>
  <testcase name="testEmptyUsernameAndPassword" classname="tests.LoginTest" time="0.372">
    <system-out><![CDATA[Screenshot saved: D:\screenshot\2025-09-08\testInvalidPassword_1757307350769.png
Screenshot saved: D:\screenshot\2025-09-08\LoginPage_Loaded_1757307350938.png
Screenshot saved: D:\screenshot\2025-09-08\testEmptyUsernameAndPassword_1757307351310.png
]]></system-out>
  </testcase>
  <testcase name="testLockedOutUser" classname="tests.LoginTest" time="0.396">
    <system-out><![CDATA[Screenshot saved: D:\screenshot\2025-09-08\testEmptyUsernameAndPassword_1757307351420.png
Screenshot saved: D:\screenshot\2025-09-08\LoginPage_Loaded_1757307351556.png
Screenshot saved: D:\screenshot\2025-09-08\testLockedOutUser_1757307351952.png
]]></system-out>
  </testcase>
  <testcase name="testValidLogin" classname="tests.LoginTest" time="0.461">
    <system-out><![CDATA[Screenshot saved: D:\screenshot\2025-09-08\testLockedOutUser_1757307352056.png
Screenshot saved: D:\screenshot\2025-09-08\LoginPage_Loaded_1757307352195.png
Screenshot saved: D:\screenshot\2025-09-08\testValidLogin_1757307352655.png
]]></system-out>
  </testcase>
  <testcase name="verifyProductListDisplay" classname="tests.ProductTest" time="0.473">
    <system-out><![CDATA[Screenshot saved: D:\screenshot\2025-09-08\testValidLogin_1757307352820.png
[DriverFactory] Quitting driver for thread: 1
[DriverFactory] Initializing ChromeDriver for thread: 1
[DriverFactory] Reusing existing driver for thread: 1
]]></system-out>
    <system-err><![CDATA[Sept 08, 2025 10:25:54 AM org.openqa.selenium.devtools.CdpVersionFinder findNearestMatch
WARNING: Unable to find CDP implementation matching 140
Sept 08, 2025 10:25:54 AM org.openqa.selenium.chromium.ChromiumDriver lambda$new$5
WARNING: Unable to find version of CDP to use for 140.0.7339.80. You may need to include a dependency on a specific version of the CDP using something similar to `org.seleniumhq.selenium:selenium-devtools-v86:4.23.0` where the version ("v86") matches the version of the chromium-based browser you're using and the version number of the artifact is the same as Selenium's.
]]></system-err>
  </testcase>
  <testcase name="sortByNameAToZ" classname="tests.ProductTest" time="0.253">
    <system-out><![CDATA[Screenshot saved: D:\screenshot\2025-09-08\verifyProductListDisplay_1757307355960.png
]]></system-out>
  </testcase>
  <testcase name="sortByNameZToA" classname="tests.ProductTest" time="0.172">
    <system-out><![CDATA[Screenshot saved: D:\screenshot\2025-09-08\sortByNameAToZ_1757307356410.png
]]></system-out>
  </testcase>
  <testcase name="sortByPriceLowToHigh" classname="tests.ProductTest" time="0.158">
    <system-out><![CDATA[Screenshot saved: D:\screenshot\2025-09-08\sortByNameZToA_1757307356779.png
]]></system-out>
  </testcase>
  <testcase name="sortByPriceHighToLow" classname="tests.ProductTest" time="0.156">
    <system-out><![CDATA[Screenshot saved: D:\screenshot\2025-09-08\sortByPriceLowToHigh_1757307357130.png
]]></system-out>
  </testcase>
  <testcase name="addProductToCart" classname="tests.ProductTest" time="0.132">
    <system-out><![CDATA[Screenshot saved: D:\screenshot\2025-09-08\sortByPriceHighToLow_1757307357477.png
]]></system-out>
  </testcase>
  <testcase name="clickOnProductDetailsPage" classname="tests.ProductTest" time="0.15">
    <system-out><![CDATA[Screenshot saved: D:\screenshot\2025-09-08\addProductToCart_1757307357812.png
]]></system-out>
  </testcase>
  <testcase name="addInvalidProduct" classname="tests.ProductTest" time="10.023">
    <system-out><![CDATA[Screenshot saved: D:\screenshot\2025-09-08\clickOnProductDetailsPage_1757307358142.png
]]></system-out>
  </testcase>
  <testcase name="testAddProductToCart" classname="tests.CartTest" time="0.84">
    <system-out><![CDATA[Screenshot saved: D:\screenshot\2025-09-08\addInvalidProduct_1757307368396.png
[DriverFactory] Quitting driver for thread: 1
[DriverFactory] Initializing ChromeDriver for thread: 1
]]></system-out>
    <system-err><![CDATA[Sept 08, 2025 10:26:10 AM org.openqa.selenium.devtools.CdpVersionFinder findNearestMatch
WARNING: Unable to find CDP implementation matching 140
Sept 08, 2025 10:26:10 AM org.openqa.selenium.chromium.ChromiumDriver lambda$new$5
WARNING: Unable to find version of CDP to use for 140.0.7339.80. You may need to include a dependency on a specific version of the CDP using something similar to `org.seleniumhq.selenium:selenium-devtools-v86:4.23.0` where the version ("v86") matches the version of the chromium-based browser you're using and the version number of the artifact is the same as Selenium's.
]]></system-err>
  </testcase>
  <testcase name="testRemoveProductFromCart" classname="tests.CartTest" time="10.751">
    <system-out><![CDATA[Screenshot saved: D:\screenshot\2025-09-08\testAddProductToCart_1757307372125.png
]]></system-out>
  </testcase>
  <testcase name="testContinueShopping" classname="tests.CartTest" time="0.104">
    <system-out><![CDATA[Screenshot saved: D:\screenshot\2025-09-08\testRemoveProductFromCart_1757307382988.png
]]></system-out>
  </testcase>
  <testcase name="testProceedToCheckout" classname="tests.CartTest" time="0.154">
    <system-out><![CDATA[Screenshot saved: D:\screenshot\2025-09-08\testContinueShopping_1757307383239.png
Current URL before checkout: https://www.saucedemo.com/checkout-step-one.html
]]></system-out>
  </testcase>
  <testcase name="navigateToCheckoutPage" classname="tests.CheckoutTest" time="0.064">
    <system-out><![CDATA[Screenshot saved: D:\screenshot\2025-09-08\testProceedToCheckout_1757307383502.png
[DriverFactory] Quitting driver for thread: 1
[DriverFactory] Initializing ChromeDriver for thread: 1
]]></system-out>
    <system-err><![CDATA[Sept 08, 2025 10:26:24 AM org.openqa.selenium.devtools.CdpVersionFinder findNearestMatch
WARNING: Unable to find CDP implementation matching 140
Sept 08, 2025 10:26:24 AM org.openqa.selenium.chromium.ChromiumDriver lambda$new$5
WARNING: Unable to find version of CDP to use for 140.0.7339.80. You may need to include a dependency on a specific version of the CDP using something similar to `org.seleniumhq.selenium:selenium-devtools-v86:4.23.0` where the version ("v86") matches the version of the chromium-based browser you're using and the version number of the artifact is the same as Selenium's.
]]></system-err>
  </testcase>
  <testcase name="checkoutWithMissingRequiredFields" classname="tests.CheckoutTest" time="0.383">
    <system-out><![CDATA[Screenshot saved: D:\screenshot\2025-09-08\navigateToCheckoutPage_1757307386645.png
]]></system-out>
  </testcase>
  <testcase name="checkoutWithValidInformation" classname="tests.CheckoutTest" time="0.436">
    <system-out><![CDATA[Screenshot saved: D:\screenshot\2025-09-08\checkoutWithMissingRequiredFields_1757307387188.png
]]></system-out>
  </testcase>
</testsuite>