<?xml version="1.0" encoding="UTF-8"?>
<testng-results ignored="0" total="23" passed="23" failed="0" skipped="0">
  <reporter-output>
  </reporter-output>
  <suite started-at="2025-09-09T12:58:24 IST" name="MySuite" finished-at="2025-09-09T12:59:01 IST" duration-ms="36985">
    <groups>
      <group name="login">
        <method signature="LoginTest.testValidLogin()[pri:8, instance:tests.LoginTest@792b749c]" name="testValidLogin" class="tests.LoginTest"/>
      </group> <!-- login -->
    </groups>
    <test started-at="2025-09-09T12:58:24 IST" name="SauceDemo Website Tests" finished-at="2025-09-09T12:59:01 IST" duration-ms="36985">
      <class name="tests.LoginTest">
        <test-method is-config="true" signature="suiteSetup()[pri:0, instance:tests.LoginTest@792b749c]" started-at="2025-09-09T12:58:29 IST" name="suiteSetup" finished-at="2025-09-09T12:58:31 IST" duration-ms="1776" status="PASS">
          <reporter-output>
          </reporter-output>
        </test-method> <!-- suiteSetup -->
        <test-method is-config="true" signature="setupTest()[pri:0, instance:tests.LoginTest@792b749c]" started-at="2025-09-09T12:58:31 IST" name="setupTest" finished-at="2025-09-09T12:58:31 IST" duration-ms="1" status="PASS">
          <reporter-output>
          </reporter-output>
        </test-method> <!-- setupTest -->
        <test-method is-config="true" signature="loadLoginPage()[pri:0, instance:tests.LoginTest@792b749c]" started-at="2025-09-09T12:58:31 IST" name="loadLoginPage" finished-at="2025-09-09T12:58:31 IST" duration-ms="129" status="PASS">
          <reporter-output>
          </reporter-output>
        </test-method> <!-- loadLoginPage -->
        <test-method signature="testProblemUser()[pri:2, instance:tests.LoginTest@792b749c]" started-at="2025-09-09T12:58:31 IST" name="testProblemUser" finished-at="2025-09-09T12:58:31 IST" duration-ms="404" status="PASS">
          <reporter-output>
          </reporter-output>
        </test-method> <!-- testProblemUser -->
        <test-method is-config="true" signature="loadLoginPage()[pri:0, instance:tests.LoginTest@792b749c]" started-at="2025-09-09T12:58:31 IST" name="loadLoginPage" finished-at="2025-09-09T12:58:31 IST" duration-ms="171" status="PASS">
          <reporter-output>
          </reporter-output>
        </test-method> <!-- loadLoginPage -->
        <test-method signature="testEmptyUsername()[pri:3, instance:tests.LoginTest@792b749c]" started-at="2025-09-09T12:58:31 IST" name="testEmptyUsername" finished-at="2025-09-09T12:58:32 IST" duration-ms="303" status="PASS">
          <reporter-output>
          </reporter-output>
        </test-method> <!-- testEmptyUsername -->
        <test-method is-config="true" signature="loadLoginPage()[pri:0, instance:tests.LoginTest@792b749c]" started-at="2025-09-09T12:58:32 IST" name="loadLoginPage" finished-at="2025-09-09T12:58:32 IST" duration-ms="113" status="PASS">
          <reporter-output>
          </reporter-output>
        </test-method> <!-- loadLoginPage -->
        <test-method signature="testInvalidUsername()[pri:4, instance:tests.LoginTest@792b749c]" started-at="2025-09-09T12:58:32 IST" name="testInvalidUsername" finished-at="2025-09-09T12:58:32 IST" duration-ms="266" status="PASS">
          <reporter-output>
          </reporter-output>
        </test-method> <!-- testInvalidUsername -->
        <test-method is-config="true" signature="loadLoginPage()[pri:0, instance:tests.LoginTest@792b749c]" started-at="2025-09-09T12:58:32 IST" name="loadLoginPage" finished-at="2025-09-09T12:58:32 IST" duration-ms="113" status="PASS">
          <reporter-output>
          </reporter-output>
        </test-method> <!-- loadLoginPage -->
        <test-method signature="testEmptyPassword()[pri:5, instance:tests.LoginTest@792b749c]" started-at="2025-09-09T12:58:32 IST" name="testEmptyPassword" finished-at="2025-09-09T12:58:33 IST" duration-ms="256" status="PASS">
          <reporter-output>
          </reporter-output>
        </test-method> <!-- testEmptyPassword -->
        <test-method is-config="true" signature="loadLoginPage()[pri:0, instance:tests.LoginTest@792b749c]" started-at="2025-09-09T12:58:33 IST" name="loadLoginPage" finished-at="2025-09-09T12:58:33 IST" duration-ms="101" status="PASS">
          <reporter-output>
          </reporter-output>
        </test-method> <!-- loadLoginPage -->
        <test-method signature="testInvalidPassword()[pri:6, instance:tests.LoginTest@792b749c]" started-at="2025-09-09T12:58:33 IST" name="testInvalidPassword" finished-at="2025-09-09T12:58:33 IST" duration-ms="265" status="PASS">
          <reporter-output>
          </reporter-output>
        </test-method> <!-- testInvalidPassword -->
        <test-method is-config="true" signature="loadLoginPage()[pri:0, instance:tests.LoginTest@792b749c]" started-at="2025-09-09T12:58:33 IST" name="loadLoginPage" finished-at="2025-09-09T12:58:33 IST" duration-ms="105" status="PASS">
          <reporter-output>
          </reporter-output>
        </test-method> <!-- loadLoginPage -->
        <test-method signature="testEmptyUsernameAndPassword()[pri:7, instance:tests.LoginTest@792b749c]" started-at="2025-09-09T12:58:33 IST" name="testEmptyUsernameAndPassword" finished-at="2025-09-09T12:58:34 IST" duration-ms="354" status="PASS">
          <reporter-output>
          </reporter-output>
        </test-method> <!-- testEmptyUsernameAndPassword -->
        <test-method is-config="true" signature="loadLoginPage()[pri:0, instance:tests.LoginTest@792b749c]" started-at="2025-09-09T12:58:34 IST" name="loadLoginPage" finished-at="2025-09-09T12:58:34 IST" duration-ms="130" status="PASS">
          <reporter-output>
          </reporter-output>
        </test-method> <!-- loadLoginPage -->
        <test-method signature="testLockedOutUser()[pri:8, instance:tests.LoginTest@792b749c]" started-at="2025-09-09T12:58:34 IST" name="testLockedOutUser" finished-at="2025-09-09T12:58:34 IST" duration-ms="355" status="PASS">
          <reporter-output>
          </reporter-output>
        </test-method> <!-- testLockedOutUser -->
        <test-method is-config="true" signature="loadLoginPage()[pri:0, instance:tests.LoginTest@792b749c]" started-at="2025-09-09T12:58:34 IST" name="loadLoginPage" finished-at="2025-09-09T12:58:34 IST" duration-ms="94" status="PASS">
          <reporter-output>
          </reporter-output>
        </test-method> <!-- loadLoginPage -->
        <test-method signature="testValidLogin()[pri:8, instance:tests.LoginTest@792b749c]" started-at="2025-09-09T12:58:34 IST" name="testValidLogin" finished-at="2025-09-09T12:58:35 IST" duration-ms="291" status="PASS">
          <reporter-output>
          </reporter-output>
        </test-method> <!-- testValidLogin -->
        <test-method is-config="true" signature="suiteTearDown()[pri:0, instance:tests.LoginTest@792b749c]" started-at="2025-09-09T12:58:35 IST" name="suiteTearDown" finished-at="2025-09-09T12:58:35 IST" duration-ms="140" status="PASS">
          <reporter-output>
          </reporter-output>
        </test-method> <!-- suiteTearDown -->
      </class> <!-- tests.LoginTest -->
      <class name="tests.CartTest">
        <test-method is-config="true" signature="suiteSetup()[pri:0, instance:tests.CartTest@19932c16]" started-at="2025-09-09T12:58:41 IST" name="suiteSetup" finished-at="2025-09-09T12:58:43 IST" duration-ms="2154" status="PASS">
          <reporter-output>
          </reporter-output>
        </test-method> <!-- suiteSetup -->
        <test-method is-config="true" signature="setUpPages()[pri:0, instance:tests.CartTest@19932c16]" started-at="2025-09-09T12:58:43 IST" name="setUpPages" finished-at="2025-09-09T12:58:43 IST" duration-ms="600" status="PASS">
          <reporter-output>
          </reporter-output>
        </test-method> <!-- setUpPages -->
        <test-method signature="testAddProductToCart()[pri:1, instance:tests.CartTest@19932c16]" started-at="2025-09-09T12:58:43 IST" name="testAddProductToCart" finished-at="2025-09-09T12:58:44 IST" duration-ms="793" status="PASS">
          <reporter-output>
          </reporter-output>
        </test-method> <!-- testAddProductToCart -->
        <test-method signature="testRemoveProductFromCart()[pri:2, instance:tests.CartTest@19932c16]" started-at="2025-09-09T12:58:44 IST" name="testRemoveProductFromCart" finished-at="2025-09-09T12:58:55 IST" duration-ms="10716" status="PASS">
          <reporter-output>
          </reporter-output>
        </test-method> <!-- testRemoveProductFromCart -->
        <test-method signature="testContinueShopping()[pri:4, instance:tests.CartTest@19932c16]" started-at="2025-09-09T12:58:55 IST" name="testContinueShopping" finished-at="2025-09-09T12:58:55 IST" duration-ms="91" status="PASS">
          <reporter-output>
          </reporter-output>
        </test-method> <!-- testContinueShopping -->
        <test-method signature="testProceedToCheckout()[pri:5, instance:tests.CartTest@19932c16]" started-at="2025-09-09T12:58:55 IST" name="testProceedToCheckout" finished-at="2025-09-09T12:58:55 IST" duration-ms="149" status="PASS">
          <reporter-output>
          </reporter-output>
        </test-method> <!-- testProceedToCheckout -->
        <test-method is-config="true" signature="suiteTearDown()[pri:0, instance:tests.CartTest@19932c16]" started-at="2025-09-09T12:58:55 IST" name="suiteTearDown" finished-at="2025-09-09T12:58:56 IST" duration-ms="165" status="PASS">
          <reporter-output>
          </reporter-output>
        </test-method> <!-- suiteTearDown -->
      </class> <!-- tests.CartTest -->
      <class name="integration.IntegrationTest">
        <test-method is-config="true" signature="suiteSetup()[pri:0, instance:integration.IntegrationTest@5890e879]" started-at="2025-09-09T12:58:24 IST" name="suiteSetup" finished-at="2025-09-09T12:58:27 IST" duration-ms="3579" status="PASS">
          <reporter-output>
          </reporter-output>
        </test-method> <!-- suiteSetup -->
        <test-method signature="testCompleteUserJourney()[pri:0, instance:integration.IntegrationTest@5890e879]" started-at="2025-09-09T12:58:27 IST" name="testCompleteUserJourney" finished-at="2025-09-09T12:58:29 IST" duration-ms="1143" status="PASS">
          <reporter-output>
          </reporter-output>
        </test-method> <!-- testCompleteUserJourney -->
        <test-method is-config="true" signature="suiteTearDown()[pri:0, instance:integration.IntegrationTest@5890e879]" started-at="2025-09-09T12:58:29 IST" name="suiteTearDown" finished-at="2025-09-09T12:58:29 IST" duration-ms="143" status="PASS">
          <reporter-output>
          </reporter-output>
        </test-method> <!-- suiteTearDown -->
      </class> <!-- integration.IntegrationTest -->
      <class name="tests.ProductTest">
        <test-method is-config="true" signature="suiteSetup()[pri:0, instance:tests.ProductTest@23e84203]" started-at="2025-09-09T12:58:35 IST" name="suiteSetup" finished-at="2025-09-09T12:58:37 IST" duration-ms="2289" status="PASS">
          <reporter-output>
          </reporter-output>
        </test-method> <!-- suiteSetup -->
        <test-method is-config="true" signature="setUp()[pri:0, instance:tests.ProductTest@23e84203]" started-at="2025-09-09T12:58:37 IST" name="setUp" finished-at="2025-09-09T12:58:38 IST" duration-ms="516" status="PASS">
          <reporter-output>
          </reporter-output>
        </test-method> <!-- setUp -->
        <test-method signature="verifyProductListDisplay()[pri:1, instance:tests.ProductTest@23e84203]" started-at="2025-09-09T12:58:38 IST" name="verifyProductListDisplay" finished-at="2025-09-09T12:58:38 IST" duration-ms="534" status="PASS">
          <reporter-output>
          </reporter-output>
        </test-method> <!-- verifyProductListDisplay -->
        <test-method is-config="true" signature="resetAppState()[pri:0, instance:tests.ProductTest@23e84203]" started-at="2025-09-09T12:58:38 IST" name="resetAppState" finished-at="2025-09-09T12:58:38 IST" duration-ms="44" status="PASS">
          <reporter-output>
          </reporter-output>
        </test-method> <!-- resetAppState -->
        <test-method signature="sortByNameAToZ()[pri:2, instance:tests.ProductTest@23e84203]" started-at="2025-09-09T12:58:38 IST" name="sortByNameAToZ" finished-at="2025-09-09T12:58:39 IST" duration-ms="247" status="PASS">
          <reporter-output>
          </reporter-output>
        </test-method> <!-- sortByNameAToZ -->
        <test-method is-config="true" signature="resetAppState()[pri:0, instance:tests.ProductTest@23e84203]" started-at="2025-09-09T12:58:39 IST" name="resetAppState" finished-at="2025-09-09T12:58:39 IST" duration-ms="47" status="PASS">
          <reporter-output>
          </reporter-output>
        </test-method> <!-- resetAppState -->
        <test-method signature="sortByNameZToA()[pri:3, instance:tests.ProductTest@23e84203]" started-at="2025-09-09T12:58:39 IST" name="sortByNameZToA" finished-at="2025-09-09T12:58:39 IST" duration-ms="235" status="PASS">
          <reporter-output>
          </reporter-output>
        </test-method> <!-- sortByNameZToA -->
        <test-method is-config="true" signature="resetAppState()[pri:0, instance:tests.ProductTest@23e84203]" started-at="2025-09-09T12:58:39 IST" name="resetAppState" finished-at="2025-09-09T12:58:39 IST" duration-ms="42" status="PASS">
          <reporter-output>
          </reporter-output>
        </test-method> <!-- resetAppState -->
        <test-method signature="sortByPriceLowToHigh()[pri:4, instance:tests.ProductTest@23e84203]" started-at="2025-09-09T12:58:39 IST" name="sortByPriceLowToHigh" finished-at="2025-09-09T12:58:39 IST" duration-ms="204" status="PASS">
          <reporter-output>
          </reporter-output>
        </test-method> <!-- sortByPriceLowToHigh -->
        <test-method is-config="true" signature="resetAppState()[pri:0, instance:tests.ProductTest@23e84203]" started-at="2025-09-09T12:58:39 IST" name="resetAppState" finished-at="2025-09-09T12:58:39 IST" duration-ms="44" status="PASS">
          <reporter-output>
          </reporter-output>
        </test-method> <!-- resetAppState -->
        <test-method signature="sortByPriceHighToLow()[pri:5, instance:tests.ProductTest@23e84203]" started-at="2025-09-09T12:58:39 IST" name="sortByPriceHighToLow" finished-at="2025-09-09T12:58:40 IST" duration-ms="246" status="PASS">
          <reporter-output>
          </reporter-output>
        </test-method> <!-- sortByPriceHighToLow -->
        <test-method is-config="true" signature="resetAppState()[pri:0, instance:tests.ProductTest@23e84203]" started-at="2025-09-09T12:58:40 IST" name="resetAppState" finished-at="2025-09-09T12:58:40 IST" duration-ms="40" status="PASS">
          <reporter-output>
          </reporter-output>
        </test-method> <!-- resetAppState -->
        <test-method signature="addProductToCart()[pri:6, instance:tests.ProductTest@23e84203]" started-at="2025-09-09T12:58:40 IST" name="addProductToCart" finished-at="2025-09-09T12:58:40 IST" duration-ms="198" status="PASS">
          <reporter-output>
          </reporter-output>
        </test-method> <!-- addProductToCart -->
        <test-method is-config="true" signature="resetAppState()[pri:0, instance:tests.ProductTest@23e84203]" started-at="2025-09-09T12:58:40 IST" name="resetAppState" finished-at="2025-09-09T12:58:40 IST" duration-ms="41" status="PASS">
          <reporter-output>
          </reporter-output>
        </test-method> <!-- resetAppState -->
        <test-method signature="clickOnProductDetailsPage()[pri:7, instance:tests.ProductTest@23e84203]" started-at="2025-09-09T12:58:40 IST" name="clickOnProductDetailsPage" finished-at="2025-09-09T12:58:40 IST" duration-ms="209" status="PASS">
          <reporter-output>
          </reporter-output>
        </test-method> <!-- clickOnProductDetailsPage -->
        <test-method is-config="true" signature="resetAppState()[pri:0, instance:tests.ProductTest@23e84203]" started-at="2025-09-09T12:58:40 IST" name="resetAppState" finished-at="2025-09-09T12:58:40 IST" duration-ms="55" status="PASS">
          <reporter-output>
          </reporter-output>
        </test-method> <!-- resetAppState -->
        <test-method is-config="true" signature="suiteTearDown()[pri:0, instance:tests.ProductTest@23e84203]" started-at="2025-09-09T12:58:40 IST" name="suiteTearDown" finished-at="2025-09-09T12:58:41 IST" duration-ms="422" status="PASS">
          <reporter-output>
          </reporter-output>
        </test-method> <!-- suiteTearDown -->
      </class> <!-- tests.ProductTest -->
      <class name="tests.CheckoutTest">
        <test-method is-config="true" signature="suiteSetup()[pri:0, instance:tests.CheckoutTest@514646ef]" started-at="2025-09-09T12:58:56 IST" name="suiteSetup" finished-at="2025-09-09T12:58:57 IST" duration-ms="1672" status="PASS">
          <reporter-output>
          </reporter-output>
        </test-method> <!-- suiteSetup -->
        <test-method is-config="true" signature="setUpTest()[pri:0, instance:tests.CheckoutTest@514646ef]" started-at="2025-09-09T12:58:57 IST" name="setUpTest" finished-at="2025-09-09T12:58:59 IST" duration-ms="1683" status="PASS">
          <reporter-output>
          </reporter-output>
        </test-method> <!-- setUpTest -->
        <test-method is-config="true" signature="resetToCheckoutForm()[pri:0, instance:tests.CheckoutTest@514646ef]" started-at="2025-09-09T12:58:59 IST" name="resetToCheckoutForm" finished-at="2025-09-09T12:58:59 IST" duration-ms="71" status="PASS">
          <reporter-output>
          </reporter-output>
        </test-method> <!-- resetToCheckoutForm -->
        <test-method signature="navigateToCheckoutPage()[pri:1, instance:tests.CheckoutTest@514646ef]" started-at="2025-09-09T12:58:59 IST" name="navigateToCheckoutPage" finished-at="2025-09-09T12:58:59 IST" duration-ms="142" status="PASS">
          <reporter-output>
          </reporter-output>
        </test-method> <!-- navigateToCheckoutPage -->
        <test-method is-config="true" signature="resetToCheckoutForm()[pri:0, instance:tests.CheckoutTest@514646ef]" started-at="2025-09-09T12:58:59 IST" name="resetToCheckoutForm" finished-at="2025-09-09T12:58:59 IST" duration-ms="60" status="PASS">
          <reporter-output>
          </reporter-output>
        </test-method> <!-- resetToCheckoutForm -->
        <test-method signature="checkoutWithMissingRequiredFields()[pri:2, instance:tests.CheckoutTest@514646ef]" started-at="2025-09-09T12:58:59 IST" name="checkoutWithMissingRequiredFields" finished-at="2025-09-09T12:59:00 IST" duration-ms="683" status="PASS">
          <reporter-output>
          </reporter-output>
        </test-method> <!-- checkoutWithMissingRequiredFields -->
        <test-method is-config="true" signature="resetToCheckoutForm()[pri:0, instance:tests.CheckoutTest@514646ef]" started-at="2025-09-09T12:59:00 IST" name="resetToCheckoutForm" finished-at="2025-09-09T12:59:00 IST" duration-ms="45" status="PASS">
          <reporter-output>
          </reporter-output>
        </test-method> <!-- resetToCheckoutForm -->
        <test-method signature="checkoutWithValidInformation()[pri:3, instance:tests.CheckoutTest@514646ef]" started-at="2025-09-09T12:59:00 IST" name="checkoutWithValidInformation" finished-at="2025-09-09T12:59:01 IST" duration-ms="486" status="PASS">
          <reporter-output>
          </reporter-output>
        </test-method> <!-- checkoutWithValidInformation -->
        <test-method is-config="true" signature="suiteTearDown()[pri:0, instance:tests.CheckoutTest@514646ef]" started-at="2025-09-09T12:59:01 IST" name="suiteTearDown" finished-at="2025-09-09T12:59:01 IST" duration-ms="191" status="PASS">
          <reporter-output>
          </reporter-output>
        </test-method> <!-- suiteTearDown -->
      </class> <!-- tests.CheckoutTest -->
    </test> <!-- SauceDemo Website Tests -->
  </suite> <!-- MySuite -->
</testng-results>
