<?xml version="1.0" encoding="UTF-8"?>
<testsuite xmlns:xsi="http://www.w3.org/2001/XMLSchema-instance" xsi:noNamespaceSchemaLocation="https://maven.apache.org/surefire/maven-surefire-plugin/xsd/surefire-test-report-3.0.xsd" version="3.0" name="TestSuite" time="38.704" tests="23" errors="0" skipped="0" failures="0">
  <properties>
[...]
</properties>
  <testcase name="testCompleteUserJourney" classname="integration.IntegrationTest" time="1.701">
    <system-out><![CDATA[Test Suite started!
[DriverFactory] Initializing ChromeDriver for thread: 
]]></system-out>
    <system-err><![CDATA[SLF4J: Failed to load class "org.slf4j.impl.StaticLoggerBinder".
SLF4J: Defaulting to no-operation (NOP) logger implementation
SLF4J: See http://www.slf4j.org/codes.html#StaticLoggerBinder for further details.
Sep 09, 2025 1:16:07 PM org.openqa.selenium.devtools.CdpVersionFinder findNearestMatch
WARNING: Unable to find CDP implementation matching 140
Sep 09, 2025 1:16:07 PM org.openqa.selenium.chromium.ChromiumDriver lambda$new$5
WARNING: Unable to find version of CDP to use for 140.0.7339.80. You may need to include a dependency on a specific version of the CDP using something similar to `org.seleniumhq.selenium:selenium-devtools-v86:4.23.0` where the version ("v86") matches the version of the chromium-based browser you're using and the version number of the artifact is the same as Selenium's.
]]></system-err>
  </testcase>
  <testcase name="testProblemUser" classname="tests.LoginTest" time="0.402">
    <system-out><![CDATA[Screenshot saved: C:\ProgramData\Jenkins\.jenkins\workspace\SauceDemo-CI-Pipeline\reports\screenshots\2025-09-09\testCompleteUserJourney_1757403970008.png
[DriverFactory] Quitting driver for thread: 
[DriverFactory] Initializing ChromeDriver for thread: 
[DriverFactory] Reusing existing driver for thread: 
Screenshot saved: C:\ProgramData\Jenkins\.jenkins\workspace\SauceDemo-CI-Pipeline\reports\screenshots\2025-09-09\LoginPage_Loaded_1757403972411.png
]]></system-out>
    <system-err><![CDATA[Sep 09, 2025 1:16:11 PM org.openqa.selenium.devtools.CdpVersionFinder findNearestMatch
WARNING: Unable to find CDP implementation matching 140
Sep 09, 2025 1:16:11 PM org.openqa.selenium.chromium.ChromiumDriver lambda$new$5
WARNING: Unable to find version of CDP to use for 140.0.7339.80. You may need to include a dependency on a specific version of the CDP using something similar to `org.seleniumhq.selenium:selenium-devtools-v86:4.23.0` where the version ("v86") matches the version of the chromium-based browser you're using and the version number of the artifact is the same as Selenium's.
]]></system-err>
  </testcase>
  <testcase name="testEmptyUsername" classname="tests.LoginTest" time="0.415">
    <system-out><![CDATA[Screenshot saved: C:\ProgramData\Jenkins\.jenkins\workspace\SauceDemo-CI-Pipeline\reports\screenshots\2025-09-09\testProblemUser_1757403972884.png
Screenshot saved: C:\ProgramData\Jenkins\.jenkins\workspace\SauceDemo-CI-Pipeline\reports\screenshots\2025-09-09\LoginPage_Loaded_1757403973035.png
]]></system-out>
  </testcase>
  <testcase name="testInvalidUsername" classname="tests.LoginTest" time="0.32">
    <system-out><![CDATA[Screenshot saved: C:\ProgramData\Jenkins\.jenkins\workspace\SauceDemo-CI-Pipeline\reports\screenshots\2025-09-09\testEmptyUsername_1757403973496.png
Screenshot saved: C:\ProgramData\Jenkins\.jenkins\workspace\SauceDemo-CI-Pipeline\reports\screenshots\2025-09-09\LoginPage_Loaded_1757403973597.png
]]></system-out>
  </testcase>
  <testcase name="testEmptyPassword" classname="tests.LoginTest" time="0.292">
    <system-out><![CDATA[Screenshot saved: C:\ProgramData\Jenkins\.jenkins\workspace\SauceDemo-CI-Pipeline\reports\screenshots\2025-09-09\testInvalidUsername_1757403973979.png
Screenshot saved: C:\ProgramData\Jenkins\.jenkins\workspace\SauceDemo-CI-Pipeline\reports\screenshots\2025-09-09\LoginPage_Loaded_1757403974083.png
]]></system-out>
  </testcase>
  <testcase name="testInvalidPassword" classname="tests.LoginTest" time="0.281">
    <system-out><![CDATA[Screenshot saved: C:\ProgramData\Jenkins\.jenkins\workspace\SauceDemo-CI-Pipeline\reports\screenshots\2025-09-09\testEmptyPassword_1757403974441.png
Screenshot saved: C:\ProgramData\Jenkins\.jenkins\workspace\SauceDemo-CI-Pipeline\reports\screenshots\2025-09-09\LoginPage_Loaded_1757403974556.png
]]></system-out>
  </testcase>
  <testcase name="testEmptyUsernameAndPassword" classname="tests.LoginTest" time="0.316">
    <system-out><![CDATA[Screenshot saved: C:\ProgramData\Jenkins\.jenkins\workspace\SauceDemo-CI-Pipeline\reports\screenshots\2025-09-09\testInvalidPassword_1757403974890.png
Screenshot saved: C:\ProgramData\Jenkins\.jenkins\workspace\SauceDemo-CI-Pipeline\reports\screenshots\2025-09-09\LoginPage_Loaded_1757403975111.png
]]></system-out>
  </testcase>
  <testcase name="testLockedOutUser" classname="tests.LoginTest" time="0.283">
    <system-out><![CDATA[Screenshot saved: C:\ProgramData\Jenkins\.jenkins\workspace\SauceDemo-CI-Pipeline\reports\screenshots\2025-09-09\testEmptyUsernameAndPassword_1757403975489.png
Screenshot saved: C:\ProgramData\Jenkins\.jenkins\workspace\SauceDemo-CI-Pipeline\reports\screenshots\2025-09-09\LoginPage_Loaded_1757403975573.png
]]></system-out>
  </testcase>
  <testcase name="testValidLogin" classname="tests.LoginTest" time="0.29">
    <system-out><![CDATA[Screenshot saved: C:\ProgramData\Jenkins\.jenkins\workspace\SauceDemo-CI-Pipeline\reports\screenshots\2025-09-09\testLockedOutUser_1757403975926.png
Screenshot saved: C:\ProgramData\Jenkins\.jenkins\workspace\SauceDemo-CI-Pipeline\reports\screenshots\2025-09-09\LoginPage_Loaded_1757403976058.png
]]></system-out>
  </testcase>
  <testcase name="verifyProductListDisplay" classname="tests.ProductTest" time="0.562">
    <system-out><![CDATA[Screenshot saved: C:\ProgramData\Jenkins\.jenkins\workspace\SauceDemo-CI-Pipeline\reports\screenshots\2025-09-09\testValidLogin_1757403976434.png
[DriverFactory] Quitting driver for thread: 
[DriverFactory] Initializing ChromeDriver for thread: 
[DriverFactory] Reusing existing driver for thread: 
]]></system-out>
    <system-err><![CDATA[Sep 09, 2025 1:16:17 PM org.openqa.selenium.devtools.CdpVersionFinder findNearestMatch
WARNING: Unable to find CDP implementation matching 140
Sep 09, 2025 1:16:17 PM org.openqa.selenium.chromium.ChromiumDriver lambda$new$5
WARNING: Unable to find version of CDP to use for 140.0.7339.80. You may need to include a dependency on a specific version of the CDP using something similar to `org.seleniumhq.selenium:selenium-devtools-v86:4.23.0` where the version ("v86") matches the version of the chromium-based browser you're using and the version number of the artifact is the same as Selenium's.
]]></system-err>
  </testcase>
  <testcase name="sortByNameAToZ" classname="tests.ProductTest" time="0.223">
    <system-out><![CDATA[Screenshot saved: C:\ProgramData\Jenkins\.jenkins\workspace\SauceDemo-CI-Pipeline\reports\screenshots\2025-09-09\verifyProductListDisplay_1757403979485.png
]]></system-out>
  </testcase>
  <testcase name="sortByNameZToA" classname="tests.ProductTest" time="0.212">
    <system-out><![CDATA[Screenshot saved: C:\ProgramData\Jenkins\.jenkins\workspace\SauceDemo-CI-Pipeline\reports\screenshots\2025-09-09\sortByNameAToZ_1757403979824.png
]]></system-out>
  </testcase>
  <testcase name="sortByPriceLowToHigh" classname="tests.ProductTest" time="0.212">
    <system-out><![CDATA[Screenshot saved: C:\ProgramData\Jenkins\.jenkins\workspace\SauceDemo-CI-Pipeline\reports\screenshots\2025-09-09\sortByNameZToA_1757403980153.png
]]></system-out>
  </testcase>
  <testcase name="sortByPriceHighToLow" classname="tests.ProductTest" time="0.177">
    <system-out><![CDATA[Screenshot saved: C:\ProgramData\Jenkins\.jenkins\workspace\SauceDemo-CI-Pipeline\reports\screenshots\2025-09-09\sortByPriceLowToHigh_1757403980485.png
]]></system-out>
  </testcase>
  <testcase name="addProductToCart" classname="tests.ProductTest" time="0.165">
    <system-out><![CDATA[Screenshot saved: C:\ProgramData\Jenkins\.jenkins\workspace\SauceDemo-CI-Pipeline\reports\screenshots\2025-09-09\sortByPriceHighToLow_1757403980778.png
]]></system-out>
  </testcase>
  <testcase name="clickOnProductDetailsPage" classname="tests.ProductTest" time="0.157">
    <system-out><![CDATA[Screenshot saved: C:\ProgramData\Jenkins\.jenkins\workspace\SauceDemo-CI-Pipeline\reports\screenshots\2025-09-09\addProductToCart_1757403981069.png
]]></system-out>
  </testcase>
  <testcase name="testAddProductToCart" classname="tests.CartTest" time="0.819">
    <system-out><![CDATA[Screenshot saved: C:\ProgramData\Jenkins\.jenkins\workspace\SauceDemo-CI-Pipeline\reports\screenshots\2025-09-09\clickOnProductDetailsPage_1757403981375.png
[DriverFactory] Quitting driver for thread: 
[DriverFactory] Initializing ChromeDriver for thread: 
]]></system-out>
    <system-err><![CDATA[Sep 09, 2025 1:16:23 PM org.openqa.selenium.devtools.CdpVersionFinder findNearestMatch
WARNING: Unable to find CDP implementation matching 140
Sep 09, 2025 1:16:23 PM org.openqa.selenium.chromium.ChromiumDriver lambda$new$5
WARNING: Unable to find version of CDP to use for 140.0.7339.80. You may need to include a dependency on a specific version of the CDP using something similar to `org.seleniumhq.selenium:selenium-devtools-v86:4.23.0` where the version ("v86") matches the version of the chromium-based browser you're using and the version number of the artifact is the same as Selenium's.
]]></system-err>
  </testcase>
  <testcase name="testRemoveProductFromCart" classname="tests.CartTest" time="10.678">
    <system-out><![CDATA[Screenshot saved: C:\ProgramData\Jenkins\.jenkins\workspace\SauceDemo-CI-Pipeline\reports\screenshots\2025-09-09\testAddProductToCart_1757403985303.png
]]></system-out>
  </testcase>
  <testcase name="testContinueShopping" classname="tests.CartTest" time="0.076">
    <system-out><![CDATA[Screenshot saved: C:\ProgramData\Jenkins\.jenkins\workspace\SauceDemo-CI-Pipeline\reports\screenshots\2025-09-09\testRemoveProductFromCart_1757403996022.png
]]></system-out>
  </testcase>
  <testcase name="testProceedToCheckout" classname="tests.CartTest" time="0.127">
    <system-out><![CDATA[Screenshot saved: C:\ProgramData\Jenkins\.jenkins\workspace\SauceDemo-CI-Pipeline\reports\screenshots\2025-09-09\testContinueShopping_1757403996174.png
Current URL before checkout: https://www.saucedemo.com/checkout-step-one.html
]]></system-out>
  </testcase>
  <testcase name="navigateToCheckoutPage" classname="tests.CheckoutTest" time="0.104">
    <system-out><![CDATA[Screenshot saved: C:\ProgramData\Jenkins\.jenkins\workspace\SauceDemo-CI-Pipeline\reports\screenshots\2025-09-09\testProceedToCheckout_1757403996360.png
[DriverFactory] Quitting driver for thread: 
[DriverFactory] Initializing ChromeDriver for thread: 
]]></system-out>
    <system-err><![CDATA[Sep 09, 2025 1:16:37 PM org.openqa.selenium.devtools.CdpVersionFinder findNearestMatch
WARNING: Unable to find CDP implementation matching 140
Sep 09, 2025 1:16:37 PM org.openqa.selenium.chromium.ChromiumDriver lambda$new$5
WARNING: Unable to find version of CDP to use for 140.0.7339.80. You may need to include a dependency on a specific version of the CDP using something similar to `org.seleniumhq.selenium:selenium-devtools-v86:4.23.0` where the version ("v86") matches the version of the chromium-based browser you're using and the version number of the artifact is the same as Selenium's.
]]></system-err>
  </testcase>
  <testcase name="checkoutWithMissingRequiredFields" classname="tests.CheckoutTest" time="0.371">
    <system-out><![CDATA[Screenshot saved: C:\ProgramData\Jenkins\.jenkins\workspace\SauceDemo-CI-Pipeline\reports\screenshots\2025-09-09\navigateToCheckoutPage_1757403999192.png
]]></system-out>
  </testcase>
  <testcase name="checkoutWithValidInformation" classname="tests.CheckoutTest" time="0.468">
    <system-out><![CDATA[Screenshot saved: C:\ProgramData\Jenkins\.jenkins\workspace\SauceDemo-CI-Pipeline\reports\screenshots\2025-09-09\checkoutWithMissingRequiredFields_1757403999696.png
]]></system-out>
  </testcase>
</testsuite>