<?xml version="1.0" encoding="UTF-8"?>
<testng-results ignored="0" total="23" passed="23" failed="0" skipped="0">
  <reporter-output>
  </reporter-output>
  <suite started-at="2025-09-09T09:12:54 IST" name="MySuite" finished-at="2025-09-09T09:13:38 IST" duration-ms="43437">
    <groups>
      <group name="login">
        <method signature="LoginTest.testValidLogin()[pri:8, instance:tests.LoginTest@792b749c]" name="testValidLogin" class="tests.LoginTest"/>
      </group> <!-- login -->
    </groups>
    <test started-at="2025-09-09T09:12:54 IST" name="SauceDemo Website Tests" finished-at="2025-09-09T09:13:38 IST" duration-ms="43437">
      <class name="tests.LoginTest">
        <test-method is-config="true" signature="suiteSetup()[pri:0, instance:tests.LoginTest@792b749c]" started-at="2025-09-09T09:13:02 IST" name="suiteSetup" finished-at="2025-09-09T09:13:04 IST" duration-ms="2277" status="PASS">
          <reporter-output>
          </reporter-output>
        </test-method> <!-- suiteSetup -->
        <test-method is-config="true" signature="setupTest()[pri:0, instance:tests.LoginTest@792b749c]" started-at="2025-09-09T09:13:04 IST" name="setupTest" finished-at="2025-09-09T09:13:04 IST" duration-ms="1" status="PASS">
          <reporter-output>
          </reporter-output>
        </test-method> <!-- setupTest -->
        <test-method is-config="true" signature="loadLoginPage()[pri:0, instance:tests.LoginTest@792b749c]" started-at="2025-09-09T09:13:04 IST" name="loadLoginPage" finished-at="2025-09-09T09:13:04 IST" duration-ms="189" status="PASS">
          <reporter-output>
          </reporter-output>
        </test-method> <!-- loadLoginPage -->
        <test-method signature="testProblemUser()[pri:2, instance:tests.LoginTest@792b749c]" started-at="2025-09-09T09:13:04 IST" name="testProblemUser" finished-at="2025-09-09T09:13:05 IST" duration-ms="623" status="PASS">
          <reporter-output>
          </reporter-output>
        </test-method> <!-- testProblemUser -->
        <test-method is-config="true" signature="loadLoginPage()[pri:0, instance:tests.LoginTest@792b749c]" started-at="2025-09-09T09:13:05 IST" name="loadLoginPage" finished-at="2025-09-09T09:13:05 IST" duration-ms="174" status="PASS">
          <reporter-output>
          </reporter-output>
        </test-method> <!-- loadLoginPage -->
        <test-method signature="testEmptyUsername()[pri:3, instance:tests.LoginTest@792b749c]" started-at="2025-09-09T09:13:05 IST" name="testEmptyUsername" finished-at="2025-09-09T09:13:06 IST" duration-ms="452" status="PASS">
          <reporter-output>
          </reporter-output>
        </test-method> <!-- testEmptyUsername -->
        <test-method is-config="true" signature="loadLoginPage()[pri:0, instance:tests.LoginTest@792b749c]" started-at="2025-09-09T09:13:06 IST" name="loadLoginPage" finished-at="2025-09-09T09:13:06 IST" duration-ms="100" status="PASS">
          <reporter-output>
          </reporter-output>
        </test-method> <!-- loadLoginPage -->
        <test-method signature="testInvalidUsername()[pri:4, instance:tests.LoginTest@792b749c]" started-at="2025-09-09T09:13:06 IST" name="testInvalidUsername" finished-at="2025-09-09T09:13:06 IST" duration-ms="438" status="PASS">
          <reporter-output>
          </reporter-output>
        </test-method> <!-- testInvalidUsername -->
        <test-method is-config="true" signature="loadLoginPage()[pri:0, instance:tests.LoginTest@792b749c]" started-at="2025-09-09T09:13:06 IST" name="loadLoginPage" finished-at="2025-09-09T09:13:06 IST" duration-ms="134" status="PASS">
          <reporter-output>
          </reporter-output>
        </test-method> <!-- loadLoginPage -->
        <test-method signature="testEmptyPassword()[pri:5, instance:tests.LoginTest@792b749c]" started-at="2025-09-09T09:13:06 IST" name="testEmptyPassword" finished-at="2025-09-09T09:13:07 IST" duration-ms="374" status="PASS">
          <reporter-output>
          </reporter-output>
        </test-method> <!-- testEmptyPassword -->
        <test-method is-config="true" signature="loadLoginPage()[pri:0, instance:tests.LoginTest@792b749c]" started-at="2025-09-09T09:13:07 IST" name="loadLoginPage" finished-at="2025-09-09T09:13:07 IST" duration-ms="104" status="PASS">
          <reporter-output>
          </reporter-output>
        </test-method> <!-- loadLoginPage -->
        <test-method signature="testInvalidPassword()[pri:6, instance:tests.LoginTest@792b749c]" started-at="2025-09-09T09:13:07 IST" name="testInvalidPassword" finished-at="2025-09-09T09:13:07 IST" duration-ms="402" status="PASS">
          <reporter-output>
          </reporter-output>
        </test-method> <!-- testInvalidPassword -->
        <test-method is-config="true" signature="loadLoginPage()[pri:0, instance:tests.LoginTest@792b749c]" started-at="2025-09-09T09:13:07 IST" name="loadLoginPage" finished-at="2025-09-09T09:13:08 IST" duration-ms="115" status="PASS">
          <reporter-output>
          </reporter-output>
        </test-method> <!-- loadLoginPage -->
        <test-method signature="testEmptyUsernameAndPassword()[pri:7, instance:tests.LoginTest@792b749c]" started-at="2025-09-09T09:13:08 IST" name="testEmptyUsernameAndPassword" finished-at="2025-09-09T09:13:08 IST" duration-ms="415" status="PASS">
          <reporter-output>
          </reporter-output>
        </test-method> <!-- testEmptyUsernameAndPassword -->
        <test-method is-config="true" signature="loadLoginPage()[pri:0, instance:tests.LoginTest@792b749c]" started-at="2025-09-09T09:13:08 IST" name="loadLoginPage" finished-at="2025-09-09T09:13:08 IST" duration-ms="152" status="PASS">
          <reporter-output>
          </reporter-output>
        </test-method> <!-- loadLoginPage -->
        <test-method signature="testLockedOutUser()[pri:8, instance:tests.LoginTest@792b749c]" started-at="2025-09-09T09:13:08 IST" name="testLockedOutUser" finished-at="2025-09-09T09:13:09 IST" duration-ms="425" status="PASS">
          <reporter-output>
          </reporter-output>
        </test-method> <!-- testLockedOutUser -->
        <test-method is-config="true" signature="loadLoginPage()[pri:0, instance:tests.LoginTest@792b749c]" started-at="2025-09-09T09:13:09 IST" name="loadLoginPage" finished-at="2025-09-09T09:13:09 IST" duration-ms="167" status="PASS">
          <reporter-output>
          </reporter-output>
        </test-method> <!-- loadLoginPage -->
        <test-method signature="testValidLogin()[pri:8, instance:tests.LoginTest@792b749c]" started-at="2025-09-09T09:13:09 IST" name="testValidLogin" finished-at="2025-09-09T09:13:09 IST" duration-ms="495" status="PASS">
          <reporter-output>
          </reporter-output>
        </test-method> <!-- testValidLogin -->
        <test-method is-config="true" signature="suiteTearDown()[pri:0, instance:tests.LoginTest@792b749c]" started-at="2025-09-09T09:13:10 IST" name="suiteTearDown" finished-at="2025-09-09T09:13:10 IST" duration-ms="167" status="PASS">
          <reporter-output>
          </reporter-output>
        </test-method> <!-- suiteTearDown -->
      </class> <!-- tests.LoginTest -->
      <class name="tests.CartTest">
        <test-method is-config="true" signature="suiteSetup()[pri:0, instance:tests.CartTest@19932c16]" started-at="2025-09-09T09:13:17 IST" name="suiteSetup" finished-at="2025-09-09T09:13:20 IST" duration-ms="2772" status="PASS">
          <reporter-output>
          </reporter-output>
        </test-method> <!-- suiteSetup -->
        <test-method is-config="true" signature="setUpPages()[pri:0, instance:tests.CartTest@19932c16]" started-at="2025-09-09T09:13:20 IST" name="setUpPages" finished-at="2025-09-09T09:13:21 IST" duration-ms="654" status="PASS">
          <reporter-output>
          </reporter-output>
        </test-method> <!-- setUpPages -->
        <test-method signature="testAddProductToCart()[pri:1, instance:tests.CartTest@19932c16]" started-at="2025-09-09T09:13:21 IST" name="testAddProductToCart" finished-at="2025-09-09T09:13:21 IST" duration-ms="787" status="PASS">
          <reporter-output>
          </reporter-output>
        </test-method> <!-- testAddProductToCart -->
        <test-method signature="testRemoveProductFromCart()[pri:2, instance:tests.CartTest@19932c16]" started-at="2025-09-09T09:13:21 IST" name="testRemoveProductFromCart" finished-at="2025-09-09T09:13:32 IST" duration-ms="10820" status="PASS">
          <reporter-output>
          </reporter-output>
        </test-method> <!-- testRemoveProductFromCart -->
        <test-method signature="testContinueShopping()[pri:4, instance:tests.CartTest@19932c16]" started-at="2025-09-09T09:13:32 IST" name="testContinueShopping" finished-at="2025-09-09T09:13:33 IST" duration-ms="191" status="PASS">
          <reporter-output>
          </reporter-output>
        </test-method> <!-- testContinueShopping -->
        <test-method signature="testProceedToCheckout()[pri:5, instance:tests.CartTest@19932c16]" started-at="2025-09-09T09:13:33 IST" name="testProceedToCheckout" finished-at="2025-09-09T09:13:33 IST" duration-ms="328" status="PASS">
          <reporter-output>
          </reporter-output>
        </test-method> <!-- testProceedToCheckout -->
        <test-method is-config="true" signature="suiteTearDown()[pri:0, instance:tests.CartTest@19932c16]" started-at="2025-09-09T09:13:33 IST" name="suiteTearDown" finished-at="2025-09-09T09:13:33 IST" duration-ms="285" status="PASS">
          <reporter-output>
          </reporter-output>
        </test-method> <!-- suiteTearDown -->
      </class> <!-- tests.CartTest -->
      <class name="integration.IntegrationTest">
        <test-method is-config="true" signature="suiteSetup()[pri:0, instance:integration.IntegrationTest@5890e879]" started-at="2025-09-09T09:12:54 IST" name="suiteSetup" finished-at="2025-09-09T09:12:58 IST" duration-ms="4221" status="PASS">
          <reporter-output>
          </reporter-output>
        </test-method> <!-- suiteSetup -->
        <test-method signature="testCompleteUserJourney()[pri:0, instance:integration.IntegrationTest@5890e879]" started-at="2025-09-09T09:12:58 IST" name="testCompleteUserJourney" finished-at="2025-09-09T09:13:02 IST" duration-ms="3122" status="PASS">
          <reporter-output>
          </reporter-output>
        </test-method> <!-- testCompleteUserJourney -->
        <test-method is-config="true" signature="suiteTearDown()[pri:0, instance:integration.IntegrationTest@5890e879]" started-at="2025-09-09T09:13:02 IST" name="suiteTearDown" finished-at="2025-09-09T09:13:02 IST" duration-ms="212" status="PASS">
          <reporter-output>
          </reporter-output>
        </test-method> <!-- suiteTearDown -->
      </class> <!-- integration.IntegrationTest -->
      <class name="tests.ProductTest">
        <test-method is-config="true" signature="suiteSetup()[pri:0, instance:tests.ProductTest@23e84203]" started-at="2025-09-09T09:13:10 IST" name="suiteSetup" finished-at="2025-09-09T09:13:12 IST" duration-ms="2500" status="PASS">
          <reporter-output>
          </reporter-output>
        </test-method> <!-- suiteSetup -->
        <test-method is-config="true" signature="setUp()[pri:0, instance:tests.ProductTest@23e84203]" started-at="2025-09-09T09:13:12 IST" name="setUp" finished-at="2025-09-09T09:13:13 IST" duration-ms="978" status="PASS">
          <reporter-output>
          </reporter-output>
        </test-method> <!-- setUp -->
        <test-method signature="verifyProductListDisplay()[pri:1, instance:tests.ProductTest@23e84203]" started-at="2025-09-09T09:13:13 IST" name="verifyProductListDisplay" finished-at="2025-09-09T09:13:14 IST" duration-ms="781" status="PASS">
          <reporter-output>
          </reporter-output>
        </test-method> <!-- verifyProductListDisplay -->
        <test-method is-config="true" signature="resetAppState()[pri:0, instance:tests.ProductTest@23e84203]" started-at="2025-09-09T09:13:14 IST" name="resetAppState" finished-at="2025-09-09T09:13:14 IST" duration-ms="67" status="PASS">
          <reporter-output>
          </reporter-output>
        </test-method> <!-- resetAppState -->
        <test-method signature="sortByNameAToZ()[pri:2, instance:tests.ProductTest@23e84203]" started-at="2025-09-09T09:13:14 IST" name="sortByNameAToZ" finished-at="2025-09-09T09:13:14 IST" duration-ms="378" status="PASS">
          <reporter-output>
          </reporter-output>
        </test-method> <!-- sortByNameAToZ -->
        <test-method is-config="true" signature="resetAppState()[pri:0, instance:tests.ProductTest@23e84203]" started-at="2025-09-09T09:13:15 IST" name="resetAppState" finished-at="2025-09-09T09:13:15 IST" duration-ms="65" status="PASS">
          <reporter-output>
          </reporter-output>
        </test-method> <!-- resetAppState -->
        <test-method signature="sortByNameZToA()[pri:3, instance:tests.ProductTest@23e84203]" started-at="2025-09-09T09:13:15 IST" name="sortByNameZToA" finished-at="2025-09-09T09:13:15 IST" duration-ms="341" status="PASS">
          <reporter-output>
          </reporter-output>
        </test-method> <!-- sortByNameZToA -->
        <test-method is-config="true" signature="resetAppState()[pri:0, instance:tests.ProductTest@23e84203]" started-at="2025-09-09T09:13:15 IST" name="resetAppState" finished-at="2025-09-09T09:13:15 IST" duration-ms="59" status="PASS">
          <reporter-output>
          </reporter-output>
        </test-method> <!-- resetAppState -->
        <test-method signature="sortByPriceLowToHigh()[pri:4, instance:tests.ProductTest@23e84203]" started-at="2025-09-09T09:13:15 IST" name="sortByPriceLowToHigh" finished-at="2025-09-09T09:13:15 IST" duration-ms="291" status="PASS">
          <reporter-output>
          </reporter-output>
        </test-method> <!-- sortByPriceLowToHigh -->
        <test-method is-config="true" signature="resetAppState()[pri:0, instance:tests.ProductTest@23e84203]" started-at="2025-09-09T09:13:15 IST" name="resetAppState" finished-at="2025-09-09T09:13:15 IST" duration-ms="55" status="PASS">
          <reporter-output>
          </reporter-output>
        </test-method> <!-- resetAppState -->
        <test-method signature="sortByPriceHighToLow()[pri:5, instance:tests.ProductTest@23e84203]" started-at="2025-09-09T09:13:15 IST" name="sortByPriceHighToLow" finished-at="2025-09-09T09:13:16 IST" duration-ms="449" status="PASS">
          <reporter-output>
          </reporter-output>
        </test-method> <!-- sortByPriceHighToLow -->
        <test-method is-config="true" signature="resetAppState()[pri:0, instance:tests.ProductTest@23e84203]" started-at="2025-09-09T09:13:16 IST" name="resetAppState" finished-at="2025-09-09T09:13:16 IST" duration-ms="96" status="PASS">
          <reporter-output>
          </reporter-output>
        </test-method> <!-- resetAppState -->
        <test-method signature="addProductToCart()[pri:6, instance:tests.ProductTest@23e84203]" started-at="2025-09-09T09:13:16 IST" name="addProductToCart" finished-at="2025-09-09T09:13:16 IST" duration-ms="240" status="PASS">
          <reporter-output>
          </reporter-output>
        </test-method> <!-- addProductToCart -->
        <test-method is-config="true" signature="resetAppState()[pri:0, instance:tests.ProductTest@23e84203]" started-at="2025-09-09T09:13:16 IST" name="resetAppState" finished-at="2025-09-09T09:13:17 IST" duration-ms="64" status="PASS">
          <reporter-output>
          </reporter-output>
        </test-method> <!-- resetAppState -->
        <test-method signature="clickOnProductDetailsPage()[pri:7, instance:tests.ProductTest@23e84203]" started-at="2025-09-09T09:13:17 IST" name="clickOnProductDetailsPage" finished-at="2025-09-09T09:13:17 IST" duration-ms="279" status="PASS">
          <reporter-output>
          </reporter-output>
        </test-method> <!-- clickOnProductDetailsPage -->
        <test-method is-config="true" signature="resetAppState()[pri:0, instance:tests.ProductTest@23e84203]" started-at="2025-09-09T09:13:17 IST" name="resetAppState" finished-at="2025-09-09T09:13:17 IST" duration-ms="72" status="PASS">
          <reporter-output>
          </reporter-output>
        </test-method> <!-- resetAppState -->
        <test-method is-config="true" signature="suiteTearDown()[pri:0, instance:tests.ProductTest@23e84203]" started-at="2025-09-09T09:13:17 IST" name="suiteTearDown" finished-at="2025-09-09T09:13:17 IST" duration-ms="227" status="PASS">
          <reporter-output>
          </reporter-output>
        </test-method> <!-- suiteTearDown -->
      </class> <!-- tests.ProductTest -->
      <class name="tests.CheckoutTest">
        <test-method is-config="true" signature="suiteSetup()[pri:0, instance:tests.CheckoutTest@514646ef]" started-at="2025-09-09T09:13:33 IST" name="suiteSetup" finished-at="2025-09-09T09:13:35 IST" duration-ms="1729" status="PASS">
          <reporter-output>
          </reporter-output>
        </test-method> <!-- suiteSetup -->
        <test-method is-config="true" signature="setUpTest()[pri:0, instance:tests.CheckoutTest@514646ef]" started-at="2025-09-09T09:13:35 IST" name="setUpTest" finished-at="2025-09-09T09:13:36 IST" duration-ms="854" status="PASS">
          <reporter-output>
          </reporter-output>
        </test-method> <!-- setUpTest -->
        <test-method is-config="true" signature="resetToCheckoutForm()[pri:0, instance:tests.CheckoutTest@514646ef]" started-at="2025-09-09T09:13:36 IST" name="resetToCheckoutForm" finished-at="2025-09-09T09:13:36 IST" duration-ms="53" status="PASS">
          <reporter-output>
          </reporter-output>
        </test-method> <!-- resetToCheckoutForm -->
        <test-method signature="navigateToCheckoutPage()[pri:1, instance:tests.CheckoutTest@514646ef]" started-at="2025-09-09T09:13:36 IST" name="navigateToCheckoutPage" finished-at="2025-09-09T09:13:36 IST" duration-ms="69" status="PASS">
          <reporter-output>
          </reporter-output>
        </test-method> <!-- navigateToCheckoutPage -->
        <test-method is-config="true" signature="resetToCheckoutForm()[pri:0, instance:tests.CheckoutTest@514646ef]" started-at="2025-09-09T09:13:36 IST" name="resetToCheckoutForm" finished-at="2025-09-09T09:13:36 IST" duration-ms="46" status="PASS">
          <reporter-output>
          </reporter-output>
        </test-method> <!-- resetToCheckoutForm -->
        <test-method signature="checkoutWithMissingRequiredFields()[pri:2, instance:tests.CheckoutTest@514646ef]" started-at="2025-09-09T09:13:36 IST" name="checkoutWithMissingRequiredFields" finished-at="2025-09-09T09:13:37 IST" duration-ms="378" status="PASS">
          <reporter-output>
          </reporter-output>
        </test-method> <!-- checkoutWithMissingRequiredFields -->
        <test-method is-config="true" signature="resetToCheckoutForm()[pri:0, instance:tests.CheckoutTest@514646ef]" started-at="2025-09-09T09:13:37 IST" name="resetToCheckoutForm" finished-at="2025-09-09T09:13:37 IST" duration-ms="42" status="PASS">
          <reporter-output>
          </reporter-output>
        </test-method> <!-- resetToCheckoutForm -->
        <test-method signature="checkoutWithValidInformation()[pri:3, instance:tests.CheckoutTest@514646ef]" started-at="2025-09-09T09:13:37 IST" name="checkoutWithValidInformation" finished-at="2025-09-09T09:13:37 IST" duration-ms="605" status="PASS">
          <reporter-output>
          </reporter-output>
        </test-method> <!-- checkoutWithValidInformation -->
        <test-method is-config="true" signature="suiteTearDown()[pri:0, instance:tests.CheckoutTest@514646ef]" started-at="2025-09-09T09:13:37 IST" name="suiteTearDown" finished-at="2025-09-09T09:13:38 IST" duration-ms="192" status="PASS">
          <reporter-output>
          </reporter-output>
        </test-method> <!-- suiteTearDown -->
      </class> <!-- tests.CheckoutTest -->
    </test> <!-- SauceDemo Website Tests -->
  </suite> <!-- MySuite -->
</testng-results>
