<?xml version="1.0" encoding="UTF-8"?>
<testng-results ignored="0" total="23" passed="23" failed="0" skipped="0">
  <reporter-output>
  </reporter-output>
  <suite started-at="2025-09-09T11:29:23 IST" name="MySuite" finished-at="2025-09-09T11:30:02 IST" duration-ms="39141">
    <groups>
      <group name="login">
        <method signature="LoginTest.testValidLogin()[pri:8, instance:tests.LoginTest@51bd8b5c]" name="testValidLogin" class="tests.LoginTest"/>
      </group> <!-- login -->
    </groups>
    <test started-at="2025-09-09T11:29:23 IST" name="SauceDemo Website Tests" finished-at="2025-09-09T11:30:02 IST" duration-ms="39141">
      <class name="tests.LoginTest">
        <test-method is-config="true" signature="suiteSetup()[pri:0, instance:tests.LoginTest@51bd8b5c]" started-at="2025-09-09T11:29:27 IST" name="suiteSetup" finished-at="2025-09-09T11:29:29 IST" duration-ms="2283" status="PASS">
          <reporter-output>
          </reporter-output>
        </test-method> <!-- suiteSetup -->
        <test-method is-config="true" signature="setupTest()[pri:0, instance:tests.LoginTest@51bd8b5c]" started-at="2025-09-09T11:29:29 IST" name="setupTest" finished-at="2025-09-09T11:29:29 IST" duration-ms="3" status="PASS">
          <reporter-output>
          </reporter-output>
        </test-method> <!-- setupTest -->
        <test-method is-config="true" signature="loadLoginPage()[pri:0, instance:tests.LoginTest@51bd8b5c]" started-at="2025-09-09T11:29:29 IST" name="loadLoginPage" finished-at="2025-09-09T11:29:30 IST" duration-ms="250" status="PASS">
          <reporter-output>
          </reporter-output>
        </test-method> <!-- loadLoginPage -->
        <test-method signature="testProblemUser()[pri:2, instance:tests.LoginTest@51bd8b5c]" started-at="2025-09-09T11:29:30 IST" name="testProblemUser" finished-at="2025-09-09T11:29:30 IST" duration-ms="467" status="PASS">
          <reporter-output>
          </reporter-output>
        </test-method> <!-- testProblemUser -->
        <test-method is-config="true" signature="loadLoginPage()[pri:0, instance:tests.LoginTest@51bd8b5c]" started-at="2025-09-09T11:29:30 IST" name="loadLoginPage" finished-at="2025-09-09T11:29:31 IST" duration-ms="211" status="PASS">
          <reporter-output>
          </reporter-output>
        </test-method> <!-- loadLoginPage -->
        <test-method signature="testEmptyUsername()[pri:3, instance:tests.LoginTest@51bd8b5c]" started-at="2025-09-09T11:29:31 IST" name="testEmptyUsername" finished-at="2025-09-09T11:29:31 IST" duration-ms="384" status="PASS">
          <reporter-output>
          </reporter-output>
        </test-method> <!-- testEmptyUsername -->
        <test-method is-config="true" signature="loadLoginPage()[pri:0, instance:tests.LoginTest@51bd8b5c]" started-at="2025-09-09T11:29:31 IST" name="loadLoginPage" finished-at="2025-09-09T11:29:31 IST" duration-ms="208" status="PASS">
          <reporter-output>
          </reporter-output>
        </test-method> <!-- loadLoginPage -->
        <test-method signature="testInvalidUsername()[pri:4, instance:tests.LoginTest@51bd8b5c]" started-at="2025-09-09T11:29:31 IST" name="testInvalidUsername" finished-at="2025-09-09T11:29:32 IST" duration-ms="378" status="PASS">
          <reporter-output>
          </reporter-output>
        </test-method> <!-- testInvalidUsername -->
        <test-method is-config="true" signature="loadLoginPage()[pri:0, instance:tests.LoginTest@51bd8b5c]" started-at="2025-09-09T11:29:32 IST" name="loadLoginPage" finished-at="2025-09-09T11:29:32 IST" duration-ms="171" status="PASS">
          <reporter-output>
          </reporter-output>
        </test-method> <!-- loadLoginPage -->
        <test-method signature="testEmptyPassword()[pri:5, instance:tests.LoginTest@51bd8b5c]" started-at="2025-09-09T11:29:32 IST" name="testEmptyPassword" finished-at="2025-09-09T11:29:32 IST" duration-ms="296" status="PASS">
          <reporter-output>
          </reporter-output>
        </test-method> <!-- testEmptyPassword -->
        <test-method is-config="true" signature="loadLoginPage()[pri:0, instance:tests.LoginTest@51bd8b5c]" started-at="2025-09-09T11:29:32 IST" name="loadLoginPage" finished-at="2025-09-09T11:29:33 IST" duration-ms="169" status="PASS">
          <reporter-output>
          </reporter-output>
        </test-method> <!-- loadLoginPage -->
        <test-method signature="testInvalidPassword()[pri:6, instance:tests.LoginTest@51bd8b5c]" started-at="2025-09-09T11:29:33 IST" name="testInvalidPassword" finished-at="2025-09-09T11:29:33 IST" duration-ms="378" status="PASS">
          <reporter-output>
          </reporter-output>
        </test-method> <!-- testInvalidPassword -->
        <test-method is-config="true" signature="loadLoginPage()[pri:0, instance:tests.LoginTest@51bd8b5c]" started-at="2025-09-09T11:29:33 IST" name="loadLoginPage" finished-at="2025-09-09T11:29:33 IST" duration-ms="163" status="PASS">
          <reporter-output>
          </reporter-output>
        </test-method> <!-- loadLoginPage -->
        <test-method signature="testEmptyUsernameAndPassword()[pri:7, instance:tests.LoginTest@51bd8b5c]" started-at="2025-09-09T11:29:33 IST" name="testEmptyUsernameAndPassword" finished-at="2025-09-09T11:29:34 IST" duration-ms="301" status="PASS">
          <reporter-output>
          </reporter-output>
        </test-method> <!-- testEmptyUsernameAndPassword -->
        <test-method is-config="true" signature="loadLoginPage()[pri:0, instance:tests.LoginTest@51bd8b5c]" started-at="2025-09-09T11:29:34 IST" name="loadLoginPage" finished-at="2025-09-09T11:29:34 IST" duration-ms="169" status="PASS">
          <reporter-output>
          </reporter-output>
        </test-method> <!-- loadLoginPage -->
        <test-method signature="testLockedOutUser()[pri:8, instance:tests.LoginTest@51bd8b5c]" started-at="2025-09-09T11:29:34 IST" name="testLockedOutUser" finished-at="2025-09-09T11:29:34 IST" duration-ms="305" status="PASS">
          <reporter-output>
          </reporter-output>
        </test-method> <!-- testLockedOutUser -->
        <test-method is-config="true" signature="loadLoginPage()[pri:0, instance:tests.LoginTest@51bd8b5c]" started-at="2025-09-09T11:29:34 IST" name="loadLoginPage" finished-at="2025-09-09T11:29:35 IST" duration-ms="179" status="PASS">
          <reporter-output>
          </reporter-output>
        </test-method> <!-- loadLoginPage -->
        <test-method signature="testValidLogin()[pri:8, instance:tests.LoginTest@51bd8b5c]" started-at="2025-09-09T11:29:35 IST" name="testValidLogin" finished-at="2025-09-09T11:29:35 IST" duration-ms="283" status="PASS">
          <reporter-output>
          </reporter-output>
        </test-method> <!-- testValidLogin -->
        <test-method is-config="true" signature="suiteTearDown()[pri:0, instance:tests.LoginTest@51bd8b5c]" started-at="2025-09-09T11:29:35 IST" name="suiteTearDown" finished-at="2025-09-09T11:29:35 IST" duration-ms="213" status="PASS">
          <reporter-output>
          </reporter-output>
        </test-method> <!-- suiteTearDown -->
      </class> <!-- tests.LoginTest -->
      <class name="tests.CartTest">
        <test-method is-config="true" signature="suiteSetup()[pri:0, instance:tests.CartTest@1b410b60]" started-at="2025-09-09T11:29:41 IST" name="suiteSetup" finished-at="2025-09-09T11:29:43 IST" duration-ms="2026" status="PASS">
          <reporter-output>
          </reporter-output>
        </test-method> <!-- suiteSetup -->
        <test-method is-config="true" signature="setUpPages()[pri:0, instance:tests.CartTest@1b410b60]" started-at="2025-09-09T11:29:43 IST" name="setUpPages" finished-at="2025-09-09T11:29:44 IST" duration-ms="493" status="PASS">
          <reporter-output>
          </reporter-output>
        </test-method> <!-- setUpPages -->
        <test-method signature="testAddProductToCart()[pri:1, instance:tests.CartTest@1b410b60]" started-at="2025-09-09T11:29:44 IST" name="testAddProductToCart" finished-at="2025-09-09T11:29:44 IST" duration-ms="734" status="PASS">
          <reporter-output>
          </reporter-output>
        </test-method> <!-- testAddProductToCart -->
        <test-method signature="testRemoveProductFromCart()[pri:2, instance:tests.CartTest@1b410b60]" started-at="2025-09-09T11:29:45 IST" name="testRemoveProductFromCart" finished-at="2025-09-09T11:29:55 IST" duration-ms="10707" status="PASS">
          <reporter-output>
          </reporter-output>
        </test-method> <!-- testRemoveProductFromCart -->
        <test-method signature="testContinueShopping()[pri:4, instance:tests.CartTest@1b410b60]" started-at="2025-09-09T11:29:55 IST" name="testContinueShopping" finished-at="2025-09-09T11:29:55 IST" duration-ms="93" status="PASS">
          <reporter-output>
          </reporter-output>
        </test-method> <!-- testContinueShopping -->
        <test-method signature="testProceedToCheckout()[pri:5, instance:tests.CartTest@1b410b60]" started-at="2025-09-09T11:29:56 IST" name="testProceedToCheckout" finished-at="2025-09-09T11:29:56 IST" duration-ms="136" status="PASS">
          <reporter-output>
          </reporter-output>
        </test-method> <!-- testProceedToCheckout -->
        <test-method is-config="true" signature="suiteTearDown()[pri:0, instance:tests.CartTest@1b410b60]" started-at="2025-09-09T11:29:56 IST" name="suiteTearDown" finished-at="2025-09-09T11:29:56 IST" duration-ms="179" status="PASS">
          <reporter-output>
          </reporter-output>
        </test-method> <!-- suiteTearDown -->
      </class> <!-- tests.CartTest -->
      <class name="integration.IntegrationTest">
        <test-method is-config="true" signature="suiteSetup()[pri:0, instance:integration.IntegrationTest@7283d3eb]" started-at="2025-09-09T11:29:23 IST" name="suiteSetup" finished-at="2025-09-09T11:29:25 IST" duration-ms="2816" status="PASS">
          <reporter-output>
          </reporter-output>
        </test-method> <!-- suiteSetup -->
        <test-method signature="testCompleteUserJourney()[pri:0, instance:integration.IntegrationTest@7283d3eb]" started-at="2025-09-09T11:29:25 IST" name="testCompleteUserJourney" finished-at="2025-09-09T11:29:27 IST" duration-ms="1328" status="PASS">
          <reporter-output>
          </reporter-output>
        </test-method> <!-- testCompleteUserJourney -->
        <test-method is-config="true" signature="suiteTearDown()[pri:0, instance:integration.IntegrationTest@7283d3eb]" started-at="2025-09-09T11:29:27 IST" name="suiteTearDown" finished-at="2025-09-09T11:29:27 IST" duration-ms="253" status="PASS">
          <reporter-output>
          </reporter-output>
        </test-method> <!-- suiteTearDown -->
      </class> <!-- integration.IntegrationTest -->
      <class name="tests.ProductTest">
        <test-method is-config="true" signature="suiteSetup()[pri:0, instance:tests.ProductTest@7b50df34]" started-at="2025-09-09T11:29:35 IST" name="suiteSetup" finished-at="2025-09-09T11:29:37 IST" duration-ms="2050" status="PASS">
          <reporter-output>
          </reporter-output>
        </test-method> <!-- suiteSetup -->
        <test-method is-config="true" signature="setUp()[pri:0, instance:tests.ProductTest@7b50df34]" started-at="2025-09-09T11:29:37 IST" name="setUp" finished-at="2025-09-09T11:29:38 IST" duration-ms="462" status="PASS">
          <reporter-output>
          </reporter-output>
        </test-method> <!-- setUp -->
        <test-method signature="verifyProductListDisplay()[pri:1, instance:tests.ProductTest@7b50df34]" started-at="2025-09-09T11:29:38 IST" name="verifyProductListDisplay" finished-at="2025-09-09T11:29:38 IST" duration-ms="526" status="PASS">
          <reporter-output>
          </reporter-output>
        </test-method> <!-- verifyProductListDisplay -->
        <test-method is-config="true" signature="resetAppState()[pri:0, instance:tests.ProductTest@7b50df34]" started-at="2025-09-09T11:29:38 IST" name="resetAppState" finished-at="2025-09-09T11:29:39 IST" duration-ms="47" status="PASS">
          <reporter-output>
          </reporter-output>
        </test-method> <!-- resetAppState -->
        <test-method signature="sortByNameAToZ()[pri:2, instance:tests.ProductTest@7b50df34]" started-at="2025-09-09T11:29:39 IST" name="sortByNameAToZ" finished-at="2025-09-09T11:29:39 IST" duration-ms="264" status="PASS">
          <reporter-output>
          </reporter-output>
        </test-method> <!-- sortByNameAToZ -->
        <test-method is-config="true" signature="resetAppState()[pri:0, instance:tests.ProductTest@7b50df34]" started-at="2025-09-09T11:29:39 IST" name="resetAppState" finished-at="2025-09-09T11:29:39 IST" duration-ms="48" status="PASS">
          <reporter-output>
          </reporter-output>
        </test-method> <!-- resetAppState -->
        <test-method signature="sortByNameZToA()[pri:3, instance:tests.ProductTest@7b50df34]" started-at="2025-09-09T11:29:39 IST" name="sortByNameZToA" finished-at="2025-09-09T11:29:39 IST" duration-ms="205" status="PASS">
          <reporter-output>
          </reporter-output>
        </test-method> <!-- sortByNameZToA -->
        <test-method is-config="true" signature="resetAppState()[pri:0, instance:tests.ProductTest@7b50df34]" started-at="2025-09-09T11:29:39 IST" name="resetAppState" finished-at="2025-09-09T11:29:39 IST" duration-ms="40" status="PASS">
          <reporter-output>
          </reporter-output>
        </test-method> <!-- resetAppState -->
        <test-method signature="sortByPriceLowToHigh()[pri:4, instance:tests.ProductTest@7b50df34]" started-at="2025-09-09T11:29:39 IST" name="sortByPriceLowToHigh" finished-at="2025-09-09T11:29:40 IST" duration-ms="196" status="PASS">
          <reporter-output>
          </reporter-output>
        </test-method> <!-- sortByPriceLowToHigh -->
        <test-method is-config="true" signature="resetAppState()[pri:0, instance:tests.ProductTest@7b50df34]" started-at="2025-09-09T11:29:40 IST" name="resetAppState" finished-at="2025-09-09T11:29:40 IST" duration-ms="45" status="PASS">
          <reporter-output>
          </reporter-output>
        </test-method> <!-- resetAppState -->
        <test-method signature="sortByPriceHighToLow()[pri:5, instance:tests.ProductTest@7b50df34]" started-at="2025-09-09T11:29:40 IST" name="sortByPriceHighToLow" finished-at="2025-09-09T11:29:40 IST" duration-ms="174" status="PASS">
          <reporter-output>
          </reporter-output>
        </test-method> <!-- sortByPriceHighToLow -->
        <test-method is-config="true" signature="resetAppState()[pri:0, instance:tests.ProductTest@7b50df34]" started-at="2025-09-09T11:29:40 IST" name="resetAppState" finished-at="2025-09-09T11:29:40 IST" duration-ms="39" status="PASS">
          <reporter-output>
          </reporter-output>
        </test-method> <!-- resetAppState -->
        <test-method signature="addProductToCart()[pri:6, instance:tests.ProductTest@7b50df34]" started-at="2025-09-09T11:29:40 IST" name="addProductToCart" finished-at="2025-09-09T11:29:40 IST" duration-ms="155" status="PASS">
          <reporter-output>
          </reporter-output>
        </test-method> <!-- addProductToCart -->
        <test-method is-config="true" signature="resetAppState()[pri:0, instance:tests.ProductTest@7b50df34]" started-at="2025-09-09T11:29:41 IST" name="resetAppState" finished-at="2025-09-09T11:29:41 IST" duration-ms="44" status="PASS">
          <reporter-output>
          </reporter-output>
        </test-method> <!-- resetAppState -->
        <test-method signature="clickOnProductDetailsPage()[pri:7, instance:tests.ProductTest@7b50df34]" started-at="2025-09-09T11:29:41 IST" name="clickOnProductDetailsPage" finished-at="2025-09-09T11:29:41 IST" duration-ms="181" status="PASS">
          <reporter-output>
          </reporter-output>
        </test-method> <!-- clickOnProductDetailsPage -->
        <test-method is-config="true" signature="resetAppState()[pri:0, instance:tests.ProductTest@7b50df34]" started-at="2025-09-09T11:29:41 IST" name="resetAppState" finished-at="2025-09-09T11:29:41 IST" duration-ms="49" status="PASS">
          <reporter-output>
          </reporter-output>
        </test-method> <!-- resetAppState -->
        <test-method is-config="true" signature="suiteTearDown()[pri:0, instance:tests.ProductTest@7b50df34]" started-at="2025-09-09T11:29:41 IST" name="suiteTearDown" finished-at="2025-09-09T11:29:41 IST" duration-ms="222" status="PASS">
          <reporter-output>
          </reporter-output>
        </test-method> <!-- suiteTearDown -->
      </class> <!-- tests.ProductTest -->
      <class name="tests.CheckoutTest">
        <test-method is-config="true" signature="suiteSetup()[pri:0, instance:tests.CheckoutTest@2462cb01]" started-at="2025-09-09T11:29:56 IST" name="suiteSetup" finished-at="2025-09-09T11:29:59 IST" duration-ms="2447" status="PASS">
          <reporter-output>
          </reporter-output>
        </test-method> <!-- suiteSetup -->
        <test-method is-config="true" signature="setUpTest()[pri:0, instance:tests.CheckoutTest@2462cb01]" started-at="2025-09-09T11:29:59 IST" name="setUpTest" finished-at="2025-09-09T11:30:00 IST" duration-ms="1154" status="PASS">
          <reporter-output>
          </reporter-output>
        </test-method> <!-- setUpTest -->
        <test-method is-config="true" signature="resetToCheckoutForm()[pri:0, instance:tests.CheckoutTest@2462cb01]" started-at="2025-09-09T11:30:00 IST" name="resetToCheckoutForm" finished-at="2025-09-09T11:30:00 IST" duration-ms="62" status="PASS">
          <reporter-output>
          </reporter-output>
        </test-method> <!-- resetToCheckoutForm -->
        <test-method signature="navigateToCheckoutPage()[pri:1, instance:tests.CheckoutTest@2462cb01]" started-at="2025-09-09T11:30:00 IST" name="navigateToCheckoutPage" finished-at="2025-09-09T11:30:00 IST" duration-ms="79" status="PASS">
          <reporter-output>
          </reporter-output>
        </test-method> <!-- navigateToCheckoutPage -->
        <test-method is-config="true" signature="resetToCheckoutForm()[pri:0, instance:tests.CheckoutTest@2462cb01]" started-at="2025-09-09T11:30:00 IST" name="resetToCheckoutForm" finished-at="2025-09-09T11:30:00 IST" duration-ms="61" status="PASS">
          <reporter-output>
          </reporter-output>
        </test-method> <!-- resetToCheckoutForm -->
        <test-method signature="checkoutWithMissingRequiredFields()[pri:2, instance:tests.CheckoutTest@2462cb01]" started-at="2025-09-09T11:30:00 IST" name="checkoutWithMissingRequiredFields" finished-at="2025-09-09T11:30:00 IST" duration-ms="452" status="PASS">
          <reporter-output>
          </reporter-output>
        </test-method> <!-- checkoutWithMissingRequiredFields -->
        <test-method is-config="true" signature="resetToCheckoutForm()[pri:0, instance:tests.CheckoutTest@2462cb01]" started-at="2025-09-09T11:30:01 IST" name="resetToCheckoutForm" finished-at="2025-09-09T11:30:01 IST" duration-ms="68" status="PASS">
          <reporter-output>
          </reporter-output>
        </test-method> <!-- resetToCheckoutForm -->
        <test-method signature="checkoutWithValidInformation()[pri:3, instance:tests.CheckoutTest@2462cb01]" started-at="2025-09-09T11:30:01 IST" name="checkoutWithValidInformation" finished-at="2025-09-09T11:30:01 IST" duration-ms="628" status="PASS">
          <reporter-output>
          </reporter-output>
        </test-method> <!-- checkoutWithValidInformation -->
        <test-method is-config="true" signature="suiteTearDown()[pri:0, instance:tests.CheckoutTest@2462cb01]" started-at="2025-09-09T11:30:01 IST" name="suiteTearDown" finished-at="2025-09-09T11:30:02 IST" duration-ms="243" status="PASS">
          <reporter-output>
          </reporter-output>
        </test-method> <!-- suiteTearDown -->
      </class> <!-- tests.CheckoutTest -->
    </test> <!-- SauceDemo Website Tests -->
  </suite> <!-- MySuite -->
</testng-results>
